Determining if the pthread_create exist failed with the following output:
Change Dir: /home/lincoln/catkin_ws/src/mecanum_hand/build/CMakeFiles/CMakeTmp

Run Build Command:"/usr/bin/make" "cmTC_aaf65/fast"
/usr/bin/make -f CMakeFiles/cmTC_aaf65.dir/build.make CMakeFiles/cmTC_aaf65.dir/build
make[1]: Entering directory `/home/lincoln/catkin_ws/src/mecanum_hand/build/CMakeFiles/CMakeTmp'
Building C object CMakeFiles/cmTC_aaf65.dir/CheckSymbolExists.c.o
/usr/bin/cc     -o CMakeFiles/cmTC_aaf65.dir/CheckSymbolExists.c.o   -c /home/lincoln/catkin_ws/src/mecanum_hand/build/CMakeFiles/CMakeTmp/CheckSymbolExists.c
Linking C executable cmTC_aaf65
/usr/local/bin/cmake -E cmake_link_script CMakeFiles/cmTC_aaf65.dir/link.txt --verbose=1
/usr/bin/cc       CMakeFiles/cmTC_aaf65.dir/CheckSymbolExists.c.o  -o cmTC_aaf65 -rdynamic 
CMakeFiles/cmTC_aaf65.dir/CheckSymbolExists.c.o: In function `main':
CheckSymbolExists.c:(.text+0x16): undefined reference to `pthread_create'
collect2: error: ld returned 1 exit status
make[1]: *** [cmTC_aaf65] Error 1
make[1]: Leaving directory `/home/lincoln/catkin_ws/src/mecanum_hand/build/CMakeFiles/CMakeTmp'
make: *** [cmTC_aaf65/fast] Error 2

File /home/lincoln/catkin_ws/src/mecanum_hand/build/CMakeFiles/CMakeTmp/CheckSymbolExists.c:
/* */
#include <pthread.h>

int main(int argc, char** argv)
{
  (void)argv;
#ifndef pthread_create
  return ((int*)(&pthread_create))[argc];
#else
  (void)argc;
  return 0;
#endif
}

Determining if the function pthread_create exists in the pthreads failed with the following output:
Change Dir: /home/lincoln/catkin_ws/src/mecanum_hand/build/CMakeFiles/CMakeTmp

Run Build Command:"/usr/bin/make" "cmTC_952db/fast"
/usr/bin/make -f CMakeFiles/cmTC_952db.dir/build.make CMakeFiles/cmTC_952db.dir/build
make[1]: Entering directory `/home/lincoln/catkin_ws/src/mecanum_hand/build/CMakeFiles/CMakeTmp'
Building C object CMakeFiles/cmTC_952db.dir/CheckFunctionExists.c.o
/usr/bin/cc    -DCHECK_FUNCTION_EXISTS=pthread_create   -o CMakeFiles/cmTC_952db.dir/CheckFunctionExists.c.o   -c /usr/local/share/cmake-3.4/Modules/CheckFunctionExists.c
Linking C executable cmTC_952db
/usr/local/bin/cmake -E cmake_link_script CMakeFiles/cmTC_952db.dir/link.txt --verbose=1
/usr/bin/cc   -DCHECK_FUNCTION_EXISTS=pthread_create    CMakeFiles/cmTC_952db.dir/CheckFunctionExists.c.o  -o cmTC_952db -rdynamic -lpthreads 
/usr/bin/ld: cannot find -lpthreads
collect2: error: ld returned 1 exit status
make[1]: *** [cmTC_952db] Error 1
make[1]: Leaving directory `/home/lincoln/catkin_ws/src/mecanum_hand/build/CMakeFiles/CMakeTmp'
make: *** [cmTC_952db/fast] Error 2


